
/home/runner/work/exp-compound-pendulum-nitk/exp-compound-pendulum-nitk/experiment/simulation/js/Input.js
   1:7   warning  'NumberInput' is defined but never used  no-unused-vars
  21:27  warning  'createInput' is not defined             no-undef
  32:31  warning  'createSlider' is not defined            no-undef
  56:13  warning  'position_graph1' is not defined         no-undef
  57:13  warning  'position_graph2' is not defined         no-undef
  74:9   warning  'push' is not defined                    no-undef
  76:9   warning  'fill' is not defined                    no-undef
  77:9   warning  'strokeWeight' is not defined            no-undef
  78:9   warning  'textFont' is not defined                no-undef
  79:9   warning  'textSize' is not defined                no-undef
  80:9   warning  'text' is not defined                    no-undef
  82:9   warning  'pop' is not defined                     no-undef

/home/runner/work/exp-compound-pendulum-nitk/exp-compound-pendulum-nitk/experiment/simulation/js/buttonIcon.js
   1:7  warning  'Button' is defined but never used  no-unused-vars
  18:9  warning  'image' is not defined              no-undef

/home/runner/work/exp-compound-pendulum-nitk/exp-compound-pendulum-nitk/experiment/simulation/js/dynamic_graphs.js
   1:7   warning  'DynamicGraph' is defined but never used  no-unused-vars
  25:25  warning  'map' is not defined                      no-undef
  27:21  warning  'map' is not defined                      no-undef
  27:46  warning  'spring1' is not defined                  no-undef
  39:9   warning  'push' is not defined                     no-undef
  42:13  warning  'beginShape' is not defined               no-undef
  43:13  warning  'stroke' is not defined                   no-undef
  44:13  warning  'strokeWeight' is not defined             no-undef
  45:13  warning  'noFill' is not defined                   no-undef
  48:17  warning  'vertex' is not defined                   no-undef
  50:13  warning  'endShape' is not defined                 no-undef
  53:9   warning  'stroke' is not defined                   no-undef
  54:9   warning  'strokeWeight' is not defined             no-undef
  55:9   warning  'line' is not defined                     no-undef
  56:9   warning  'line' is not defined                     no-undef
  58:9   warning  'strokeWeight' is not defined             no-undef
  59:9   warning  'fill' is not defined                     no-undef
  60:9   warning  'textSize' is not defined                 no-undef
  61:9   warning  'text' is not defined                     no-undef
  62:9   warning  'translate' is not defined                no-undef
  63:9   warning  'rotate' is not defined                   no-undef
  63:16  warning  'radians' is not defined                  no-undef
  64:9   warning  'text' is not defined                     no-undef
  66:9   warning  'pop' is not defined                      no-undef

/home/runner/work/exp-compound-pendulum-nitk/exp-compound-pendulum-nitk/experiment/simulation/js/graph.js
   1:7   warning  'Graph' is defined but never used  no-unused-vars
  25:9   warning  't' is not defined                 no-undef
  29:9   warning  'push' is not defined              no-undef
  34:9   warning  'beginShape' is not defined        no-undef
  35:9   warning  'stroke' is not defined            no-undef
  36:9   warning  'strokeWeight' is not defined      no-undef
  37:9   warning  'noFill' is not defined            no-undef
  42:24  warning  'map' is not defined               no-undef
  42:43  warning  'max' is not defined               no-undef
  45:13  warning  'vertex' is not defined            no-undef
  48:17  warning  'vertex' is not defined            no-undef
  52:9   warning  'endShape' is not defined          no-undef
  54:9   warning  'stroke' is not defined            no-undef
  55:9   warning  'strokeWeight' is not defined      no-undef
  56:9   warning  'line' is not defined              no-undef
  57:9   warning  'line' is not defined              no-undef
  58:9   warning  'line' is not defined              no-undef
  60:9   warning  'fill' is not defined              no-undef
  61:9   warning  'strokeWeight' is not defined      no-undef
  62:9   warning  'textSize' is not defined          no-undef
  63:9   warning  'text' is not defined              no-undef
  64:9   warning  'translate' is not defined         no-undef
  65:9   warning  'rotate' is not defined            no-undef
  65:16  warning  'radians' is not defined           no-undef
  66:9   warning  'text' is not defined              no-undef
  68:9   warning  'pop' is not defined               no-undef

/home/runner/work/exp-compound-pendulum-nitk/exp-compound-pendulum-nitk/experiment/simulation/js/jquery-3.6.0.js
      5:44  warning  'module' is not defined                                                    no-undef
      7:5   warning  'module' is not defined                                                    no-undef
    672:22  warning  Unexpected control character(s) in regular expression: \x1f, \x1f          no-control-regex
    734:50  warning  Empty block statement                                                      no-empty
   2140:38  warning  Do not access Object.prototype method 'hasOwnProperty' from target object  no-prototype-builtins
   3160:16  warning  Unnecessary escape character: \/                                           no-useless-escape
   3462:52  warning  Empty block statement                                                      no-empty
   4539:21  warning  Empty block statement                                                      no-empty
   5006:28  warning  Unnecessary escape character: \/                                           no-useless-escape
   5223:19  warning  Empty block statement                                                      no-empty
   6519:25  warning  Empty block statement                                                      no-empty
   9126:17  warning  Empty block statement                                                      no-empty
   9774:28  warning  'urlAnchor.href' is assigned to itself                                     no-self-assign
  10224:17  warning  Empty block statement                                                      no-empty
  11117:39  warning  'define' is not defined                                                    no-undef
  11118:5   warning  'define' is not defined                                                    no-undef

/home/runner/work/exp-compound-pendulum-nitk/exp-compound-pendulum-nitk/experiment/simulation/js/jquery.ui.touch-punch.js
  174:4  warning  'jQuery' is not defined  no-undef

/home/runner/work/exp-compound-pendulum-nitk/exp-compound-pendulum-nitk/experiment/simulation/js/jquery.ui.touch-punch.min.js
  81:4  warning  'jQuery' is not defined  no-undef

/home/runner/work/exp-compound-pendulum-nitk/exp-compound-pendulum-nitk/experiment/simulation/js/p5.dom.js
    29:39  warning  'define' is not defined                          no-undef
    30:5   warning  'define' is not defined                          no-undef
    32:13  warning  'require' is not defined                         no-undef
   214:43  warning  'e' is defined but never used                    no-unused-vars
   289:39  warning  Invalid typeof comparison value                  valid-typeof
   579:20  warning  'i' is already defined                           no-redeclare
   674:13  warning  'ran' is assigned a value but never used         no-unused-vars
   692:18  warning  'i' is already defined                           no-redeclare
   707:18  warning  'i' is already defined                           no-redeclare
   796:7   warning  Move function declaration to function body root  no-inner-declarations
   803:11  warning  Move function declaration to function body root  no-inner-declarations
   810:12  warning  Unnecessary semicolon                            no-extra-semi
   838:9   warning  'src' is already defined                         no-redeclare
  1301:11  warning  'transform' is already defined                   no-redeclare
  1582:20  warning  'prop' is already defined                        no-redeclare

/home/runner/work/exp-compound-pendulum-nitk/exp-compound-pendulum-nitk/experiment/simulation/js/p5.js
      2:73    warning  'module' is not defined                                                    no-undef
      2:128   warning  'define' is not defined                                                    no-undef
      2:140   warning  'define' is not defined                                                    no-undef
      2:244   warning  'global' is not defined                                                    no-undef
      2:341   warning  'module' is defined but never used                                         no-unused-vars
      2:348   warning  'exports' is defined but never used                                        no-unused-vars
      2:452   warning  'require' is not defined                                                   no-undef
      2:752   warning  'require' is not defined                                                   no-undef
      2:819   warning  '_dereq_' is defined but never used                                        no-unused-vars
      2:827   warning  'module' is defined but never used                                         no-unused-vars
      2:834   warning  'exports' is defined but never used                                        no-unused-vars
    521:2     warning  Unnecessary semicolon                                                      no-extra-semi
   1163:66    warning  'global' is not defined                                                    no-undef
   2210:11    warning  'ArrayBuffer' is already defined as a built-in global variable             no-redeclare
   2210:24    warning  'DataView' is already defined as a built-in global variable                no-redeclare
   2210:34    warning  'Uint8Array' is already defined as a built-in global variable              no-redeclare
   2210:46    warning  'XMLHttpRequest' is already defined as a built-in global variable          no-redeclare
   2962:12    warning  Unexpected constant condition                                              no-constant-condition
   3038:15    warning  Do not access Object.prototype method 'hasOwnProperty' from target object  no-prototype-builtins
   4803:35    warning  'value2' is assigned a value but never used                                no-unused-vars
   5897:9     warning  'langTagCount' is assigned a value but never used                          no-unused-vars
   6709:11    warning  'WeakMap' is already defined as a built-in global variable                 no-redeclare
   7323:46    warning  'exports' is defined but never used                                        no-unused-vars
   7495:29    warning  'name' is defined but never used                                           no-unused-vars
   7500:27    warning  'dir' is defined but never used                                            no-unused-vars
   7505:20    warning  '_dereq_' is defined but never used                                        no-unused-vars
   7505:28    warning  'module' is defined but never used                                         no-unused-vars
   7505:35    warning  'exports' is defined but never used                                        no-unused-vars
   7542:40    warning  Do not access Object.prototype method 'isPrototypeOf' from target object   no-prototype-builtins
   7554:28    warning  Unnecessary escape character: \^                                           no-useless-escape
   7620:21    warning  Do not access Object.prototype method 'hasOwnProperty' from target object  no-prototype-builtins
   7629:20    warning  Do not access Object.prototype method 'hasOwnProperty' from target object  no-prototype-builtins
   7718:49    warning  Do not access Object.prototype method 'isPrototypeOf' from target object   no-prototype-builtins
   7720:57    warning  Do not access Object.prototype method 'isPrototypeOf' from target object   no-prototype-builtins
   7722:68    warning  Do not access Object.prototype method 'isPrototypeOf' from target object   no-prototype-builtins
   7728:64    warning  Do not access Object.prototype method 'isPrototypeOf' from target object   no-prototype-builtins
   7739:70    warning  Do not access Object.prototype method 'isPrototypeOf' from target object   no-prototype-builtins
   7968:35    warning  'exports' is defined but never used                                        no-unused-vars
   8062:1291  warning  'exports' is defined but never used                                        no-unused-vars
   8315:52    warning  'exports' is defined but never used                                        no-unused-vars
   8894:91    warning  'exports' is defined but never used                                        no-unused-vars
   9500:99    warning  'exports' is defined but never used                                        no-unused-vars
  10134:91    warning  'exports' is defined but never used                                        no-unused-vars
  10646:98    warning  'exports' is defined but never used                                        no-unused-vars
  10977:63    warning  'exports' is defined but never used                                        no-unused-vars
  11013:51    warning  'exports' is defined but never used                                        no-unused-vars
  11234:35    warning  'exports' is defined but never used                                        no-unused-vars
  11684:20    warning  Do not access Object.prototype method 'hasOwnProperty' from target object  no-prototype-builtins
  11715:27    warning  Do not access Object.prototype method 'hasOwnProperty' from target object  no-prototype-builtins
  11716:20    warning  Do not access Object.prototype method 'hasOwnProperty' from target object  no-prototype-builtins
  11730:16    warning  Do not access Object.prototype method 'hasOwnProperty' from target object  no-prototype-builtins
  11808:37    warning  Do not access Object.prototype method 'hasOwnProperty' from target object  no-prototype-builtins
  11814:40    warning  Do not access Object.prototype method 'hasOwnProperty' from target object  no-prototype-builtins
  11894:63    warning  'exports' is defined but never used                                        no-unused-vars
  12395:67    warning  'exports' is defined but never used                                        no-unused-vars
  13069:63    warning  'exports' is defined but never used                                        no-unused-vars
  13340:63    warning  'exports' is defined but never used                                        no-unused-vars
  14223:46    warning  'exports' is defined but never used                                        no-unused-vars
  14299:63    warning  'exports' is defined but never used                                        no-unused-vars
  14511:14    warning  Expected a conditional expression and instead saw an assignment            no-cond-assign
  14521:69    warning  'exports' is defined but never used                                        no-unused-vars
  15814:118   warning  'exports' is defined but never used                                        no-unused-vars
  16120:116   warning  '_dereq_' is defined but never used                                        no-unused-vars
  16120:124   warning  'module' is defined but never used                                         no-unused-vars
  16120:131   warning  'exports' is defined but never used                                        no-unused-vars
  16129:28    warning  'element' is defined but never used                                        no-unused-vars
  16203:35    warning  'exports' is defined but never used                                        no-unused-vars
  16575:46    warning  'exports' is defined but never used                                        no-unused-vars
  16971:63    warning  'exports' is defined but never used                                        no-unused-vars
  17284:38    warning  'x2' is defined but never used                                             no-unused-vars
  17284:42    warning  'y2' is defined but never used                                             no-unused-vars
  17284:46    warning  'x3' is defined but never used                                             no-unused-vars
  17284:50    warning  'y3' is defined but never used                                             no-unused-vars
  17284:54    warning  'x4' is defined but never used                                             no-unused-vars
  17284:58    warning  'y4' is defined but never used                                             no-unused-vars
  17607:63    warning  'exports' is defined but never used                                        no-unused-vars
  18200:52    warning  'exports' is defined but never used                                        no-unused-vars
  18510:34    warning  'e' is defined but never used                                              no-unused-vars
  18572:18    warning  Do not access Object.prototype method 'hasOwnProperty' from target object  no-prototype-builtins
  18581:52    warning  'exports' is defined but never used                                        no-unused-vars
  19347:75    warning  'exports' is defined but never used                                        no-unused-vars
  19592:52    warning  'exports' is defined but never used                                        no-unused-vars
  19593:10    warning  'ImageData' is already defined as a built-in global variable               no-redeclare
  20195:35    warning  'exports' is defined but never used                                        no-unused-vars
  20212:11    warning  'frames' is already defined as a built-in global variable                  no-redeclare
  20212:11    warning  'frames' is defined but never used                                         no-unused-vars
  20532:52    warning  'exports' is defined but never used                                        no-unused-vars
  20994:137   warning  'exports' is defined but never used                                        no-unused-vars
  21701:67    warning  'exports' is defined but never used                                        no-unused-vars
  22318:90    warning  'exports' is defined but never used                                        no-unused-vars
  22326:12    warning  'Request' is already defined as a built-in global variable                 no-redeclare
  22589:47    warning  Do not access Object.prototype method 'hasOwnProperty' from target object  no-prototype-builtins
  22831:18    warning  Unnecessary escape character: \"                                           no-useless-escape
  22862:12    warning  Unexpected constant condition                                              no-constant-condition
  23205:14    warning  Do not access Object.prototype method 'hasOwnProperty' from target object  no-prototype-builtins
  23274:30    warning  'msg' is defined but never used                                            no-unused-vars
  23446:31    warning  'object' is defined but never used                                         no-unused-vars
  23446:39    warning  '_filename' is defined but never used                                      no-unused-vars
  23446:50    warning  '_options' is defined but never used                                       no-unused-vars
  23708:35    warning  Unnecessary escape character: \"                                           no-useless-escape
  23708:49    warning  Unnecessary escape character: \"                                           no-useless-escape
  23709:14    warning  Unnecessary escape character: \"                                           no-useless-escape
  23709:39    warning  Unnecessary escape character: \"                                           no-useless-escape
  23759:26    warning  Unnecessary escape character: \/                                           no-useless-escape
  23761:17    warning  Unnecessary escape character: \/                                           no-useless-escape
  23803:48    warning  Unnecessary escape character: \"                                           no-useless-escape
  23803:61    warning  Unnecessary escape character: \"                                           no-useless-escape
  23867:146   warning  'exports' is defined but never used                                        no-unused-vars
  23913:22    warning  'rows' is defined but never used                                           no-unused-vars
  24547:25    warning  Unnecessary escape character: \/                                           no-useless-escape
  25026:52    warning  'exports' is defined but never used                                        no-unused-vars
  25196:52    warning  'exports' is defined but never used                                        no-unused-vars
  25995:52    warning  'exports' is defined but never used                                        no-unused-vars
  26744:16    warning  'x' is defined but never used                                              no-unused-vars
  26744:19    warning  'y' is defined but never used                                              no-unused-vars
  26744:22    warning  'z' is defined but never used                                              no-unused-vars
  26785:52    warning  'exports' is defined but never used                                        no-unused-vars
  26819:52    warning  'exports' is defined but never used                                        no-unused-vars
  27122:52    warning  'exports' is defined but never used                                        no-unused-vars
  28177:96    warning  'exports' is defined but never used                                        no-unused-vars
  28191:35    warning  'exports' is defined but never used                                        no-unused-vars
  28438:52    warning  'exports' is defined but never used                                        no-unused-vars
  28796:96    warning  'exports' is defined but never used                                        no-unused-vars
  28847:35    warning  'horizAlign' is defined but never used                                     no-unused-vars
  28847:47    warning  'vertAlign' is defined but never used                                      no-unused-vars
  28880:37    warning  'theLeading' is defined but never used                                     no-unused-vars
  28907:34    warning  'theSize' is defined but never used                                        no-unused-vars
  28938:35    warning  'theStyle' is defined but never used                                       no-unused-vars
  29041:52    warning  'exports' is defined but never used                                        no-unused-vars
  29108:30    warning  'str' is defined but never used                                            no-unused-vars
  29108:35    warning  'x' is defined but never used                                              no-unused-vars
  29108:38    warning  'y' is defined but never used                                              no-unused-vars
  29108:41    warning  'maxWidth' is defined but never used                                       no-unused-vars
  29108:51    warning  'maxHeight' is defined but never used                                      no-unused-vars
  29183:102   warning  'exports' is defined but never used                                        no-unused-vars
  29305:31    warning  'gFontSize' is defined but never used                                      no-unused-vars
  29823:5     warning  Unexpected newline between function and ( of function call                 no-unexpected-multiline
  30076:9     warning  Unexpected newline between function and ( of function call                 no-unexpected-multiline
  30257:75    warning  'exports' is defined but never used                                        no-unused-vars
  30605:52    warning  'exports' is defined but never used                                        no-unused-vars
  30876:52    warning  'exports' is defined but never used                                        no-unused-vars
  31411:52    warning  'exports' is defined but never used                                        no-unused-vars
  31580:52    warning  'exports' is defined but never used                                        no-unused-vars
  31723:52    warning  'exports' is defined but never used                                        no-unused-vars
  31739:52    warning  'exports' is defined but never used                                        no-unused-vars
  31780:38    warning  'v1' is defined but never used                                             no-unused-vars
  31780:42    warning  'v2' is defined but never used                                             no-unused-vars
  31780:46    warning  'v3' is defined but never used                                             no-unused-vars
  31780:50    warning  'a' is defined but never used                                              no-unused-vars
  31846:54    warning  'a' is defined but never used                                              no-unused-vars
  31846:57    warning  'x' is defined but never used                                              no-unused-vars
  31846:60    warning  'y' is defined but never used                                              no-unused-vars
  31846:63    warning  'z' is defined but never used                                              no-unused-vars
  31876:5     warning  Unnecessary try/catch wrapper                                              no-useless-catch
  31947:48    warning  'a' is defined but never used                                              no-unused-vars
  31947:51    warning  'x' is defined but never used                                              no-unused-vars
  31947:54    warning  'y' is defined but never used                                              no-unused-vars
  31947:57    warning  'z' is defined but never used                                              no-unused-vars
  31977:5     warning  Unnecessary try/catch wrapper                                              no-useless-catch
  32008:52    warning  'exports' is defined but never used                                        no-unused-vars
  32241:71    warning  'exports' is defined but never used                                        no-unused-vars
  32488:41    warning  'v1' is defined but never used                                             no-unused-vars
  32488:45    warning  'v2' is defined but never used                                             no-unused-vars
  32488:49    warning  'v3' is defined but never used                                             no-unused-vars
  32488:53    warning  'a' is defined but never used                                              no-unused-vars
  32542:42    warning  'v1' is defined but never used                                             no-unused-vars
  32542:46    warning  'v2' is defined but never used                                             no-unused-vars
  32542:50    warning  'v3' is defined but never used                                             no-unused-vars
  32542:54    warning  'a' is defined but never used                                              no-unused-vars
  32570:53    warning  'v1' is defined but never used                                             no-unused-vars
  32570:56    warning  'v2' is defined but never used                                             no-unused-vars
  32570:59    warning  'v3' is defined but never used                                             no-unused-vars
  32570:62    warning  'a' is defined but never used                                              no-unused-vars
  32589:52    warning  'exports' is defined but never used                                        no-unused-vars
  32769:52    warning  'exports' is defined but never used                                        no-unused-vars
  33479:102   warning  'exports' is defined but never used                                        no-unused-vars
  33552:16    warning  'isCurve' is defined but never used                                        no-unused-vars
  33552:25    warning  'isBezier' is defined but never used                                       no-unused-vars
  33552:34    warning  'isQuadratic' is defined but never used                                    no-unused-vars
  33552:47    warning  'isContour' is defined but never used                                      no-unused-vars
  33552:58    warning  'shapeKind' is defined but never used                                      no-unused-vars
  33663:75    warning  'exports' is defined but never used                                        no-unused-vars
  33822:52    warning  'exports' is defined but never used                                        no-unused-vars
  34132:41    warning  'v1' is defined but never used                                             no-unused-vars
  34132:45    warning  'v2' is defined but never used                                             no-unused-vars
  34132:49    warning  'v3' is defined but never used                                             no-unused-vars
  34132:53    warning  'a' is defined but never used                                              no-unused-vars
  34160:43    warning  'r' is defined but never used                                              no-unused-vars
  34160:46    warning  'g' is defined but never used                                              no-unused-vars
  34160:49    warning  'b' is defined but never used                                              no-unused-vars
  34160:52    warning  'a' is defined but never used                                              no-unused-vars
  34312:108   warning  'exports' is defined but never used                                        no-unused-vars
  34464:11    warning  'id' is assigned a value but never used                                    no-unused-vars
  34898:42    warning  'x' is defined but never used                                              no-unused-vars
  34898:45    warning  'y' is defined but never used                                              no-unused-vars
  34898:48    warning  'z' is defined but never used                                              no-unused-vars
  35104:71    warning  'exports' is defined but never used                                        no-unused-vars

/home/runner/work/exp-compound-pendulum-nitk/exp-compound-pendulum-nitk/experiment/simulation/js/page1.js
   1:5   warning  'showCodeBlock' is assigned a value but never used  no-unused-vars
   2:10  warning  'runPage1' is defined but never used                no-unused-vars
   5:3   warning  'background' is not defined                         no-undef
   7:3   warning  'stroke' is not defined                             no-undef
   8:3   warning  'fill' is not defined                               no-undef
   9:3   warning  'strokeWeight' is not defined                       no-undef
  10:3   warning  'push' is not defined                               no-undef
  12:3   warning  'pop' is not defined                                no-undef
  14:3   warning  'push' is not defined                               no-undef
  15:3   warning  'stroke' is not defined                             no-undef
  17:3   warning  'pop' is not defined                                no-undef
  18:3   warning  'l1' is not defined                                 no-undef
  18:8   warning  '$' is not defined                                  no-undef
  19:3   warning  'l2' is not defined                                 no-undef
  19:8   warning  '$' is not defined                                  no-undef
  20:3   warning  'a1' is not defined                                 no-undef
  20:8   warning  '$' is not defined                                  no-undef
  21:3   warning  'm1' is not defined                                 no-undef
  21:8   warning  '$' is not defined                                  no-undef
  22:3   warning  'a2' is not defined                                 no-undef
  22:8   warning  '$' is not defined                                  no-undef
  23:3   warning  'm2' is not defined                                 no-undef
  23:8   warning  '$' is not defined                                  no-undef
  25:3   warning  'spring1' is not defined                            no-undef
  25:22  warning  'l1' is not defined                                 no-undef
  25:25  warning  'l2' is not defined                                 no-undef
  25:28  warning  'a1' is not defined                                 no-undef
  25:31  warning  'm1' is not defined                                 no-undef
  25:34  warning  'a2' is not defined                                 no-undef
  25:37  warning  'm2' is not defined                                 no-undef
  26:5   warning  'spring1' is not defined                            no-undef
  26:20  warning  't' is not defined                                  no-undef
  26:23  warning  'factor' is not defined                             no-undef
  27:5   warning  'spring1' is not defined                            no-undef
  28:5   warning  'strokeWeight' is not defined                       no-undef
  29:5   warning  'line' is not defined                               no-undef
  29:11  warning  'spring1' is not defined                            no-undef
  29:41  warning  'spring1' is not defined                            no-undef
  29:69  warning  'position_graph1' is not defined                    no-undef
  29:98  warning  'position_graph1' is not defined                    no-undef
  30:5   warning  'line' is not defined                               no-undef
  30:11  warning  'spring1' is not defined                            no-undef
  30:39  warning  'spring1' is not defined                            no-undef
  30:67  warning  'position_graph2' is not defined                    no-undef
  30:96  warning  'position_graph2' is not defined                    no-undef
  31:5   warning  'fill' is not defined                               no-undef
  33:8   warning  'animation' is not defined                          no-undef
  36:5   warning  'image' is not defined                              no-undef
  36:11  warning  'dia' is not defined                                no-undef
  37:5   warning  'fill' is not defined                               no-undef
  38:5   warning  'strokeWeight' is not defined                       no-undef
  39:5   warning  'arc' is not defined                                no-undef
  39:9   warning  'spring1' is not defined                            no-undef
  39:31  warning  'spring1' is not defined                            no-undef
  39:70  warning  'PI' is not defined                                 no-undef
  40:5   warning  '$' is not defined                                  no-undef
  46:3   warning  'line' is not defined                               no-undef
  47:5   warning  'spring1' is not defined                            no-undef
  48:5   warning  'spring1' is not defined                            no-undef
  49:5   warning  'position_graph1' is not defined                    no-undef
  50:5   warning  'position_graph1' is not defined                    no-undef
  52:3   warning  'line' is not defined                               no-undef
  53:5   warning  'spring1' is not defined                            no-undef
  54:5   warning  'spring1' is not defined                            no-undef
  55:5   warning  'position_graph2' is not defined                    no-undef
  56:5   warning  'position_graph2' is not defined                    no-undef

/home/runner/work/exp-compound-pendulum-nitk/exp-compound-pendulum-nitk/experiment/simulation/js/page2.js
    1:10  warning  'runPage2' is defined but never used  no-unused-vars
   19:3   warning  'background' is not defined           no-undef
   21:3   warning  'stroke' is not defined               no-undef
   22:3   warning  'fill' is not defined                 no-undef
   32:12  warning  'spring1' is not defined              no-undef
   33:12  warning  'spring1' is not defined              no-undef
   36:11  warning  '$' is not defined                    no-undef
   39:26  warning  'spring1' is not defined              no-undef
   40:26  warning  'spring1' is not defined              no-undef
   67:26  warning  'spring1' is not defined              no-undef
   68:26  warning  'spring1' is not defined              no-undef
  140:5   warning  '$' is not defined                    no-undef
  145:5   warning  'strokeWeight' is not defined         no-undef
  146:5   warning  'spring1' is not defined              no-undef
  146:24  warning  'l1' is not defined                   no-undef
  146:27  warning  'l2' is not defined                   no-undef
  146:30  warning  'a1' is not defined                   no-undef
  146:33  warning  'm1' is not defined                   no-undef
  146:36  warning  'a2' is not defined                   no-undef
  146:39  warning  'm2' is not defined                   no-undef
  147:5   warning  'spring1' is not defined              no-undef
  147:20  warning  't' is not defined                    no-undef
  147:23  warning  'factor' is not defined               no-undef
  148:5   warning  'l1' is not defined                   no-undef
  148:10  warning  '$' is not defined                    no-undef
  149:3   warning  'l2' is not defined                   no-undef
  149:8   warning  '$' is not defined                    no-undef
  150:3   warning  'a1' is not defined                   no-undef
  150:8   warning  '$' is not defined                    no-undef
  151:3   warning  'm1' is not defined                   no-undef
  151:8   warning  '$' is not defined                    no-undef
  152:3   warning  'a2' is not defined                   no-undef
  152:8   warning  '$' is not defined                    no-undef
  153:3   warning  'm2' is not defined                   no-undef
  153:8   warning  '$' is not defined                    no-undef
  159:3   warning  'magFac1' is not defined              no-undef

/home/runner/work/exp-compound-pendulum-nitk/exp-compound-pendulum-nitk/experiment/simulation/js/page3.js
    1:10  warning  'runPage3' is defined but never used  no-unused-vars
    4:3   warning  'background' is not defined           no-undef
    7:3   warning  'stroke' is not defined               no-undef
    8:3   warning  'fill' is not defined                 no-undef
   10:3   warning  'push' is not defined                 no-undef
   11:3   warning  'strokeWeight' is not defined         no-undef
   12:5   warning  'textSize' is not defined             no-undef
   13:5   warning  'textFont' is not defined             no-undef
   14:5   warning  'textSize' is not defined             no-undef
   16:3   warning  'pop' is not defined                  no-undef
   17:3   warning  'textSize' is not defined             no-undef
   18:3   warning  'text' is not defined                 no-undef
   19:3   warning  'text' is not defined                 no-undef
   20:3   warning  'strokeWeight' is not defined         no-undef
   21:3   warning  'line' is not defined                 no-undef
   22:3   warning  'line' is not defined                 no-undef
   23:6   warning  'spring1' is not defined              no-undef
   23:18  warning  'spring1' is not defined              no-undef
   24:3   warning  'textFont' is not defined             no-undef
   25:3   warning  'textSize' is not defined             no-undef
   26:3   warning  'text' is not defined                 no-undef
   27:3   warning  'textSize' is not defined             no-undef
   28:3   warning  'text' is not defined                 no-undef
   29:3   warning  'text' is not defined                 no-undef
   30:3   warning  'strokeWeight' is not defined         no-undef
   31:3   warning  'stroke' is not defined               no-undef
   32:3   warning  'line' is not defined                 no-undef
   33:3   warning  'stroke' is not defined               no-undef
   34:3   warning  'line' is not defined                 no-undef
   34:21  warning  'spring1' is not defined              no-undef
   35:3   warning  'line' is not defined                 no-undef
   35:21  warning  'spring1' is not defined              no-undef
   36:3   warning  'stroke' is not defined               no-undef
   37:3   warning  'line' is not defined                 no-undef
   37:20  warning  'spring1' is not defined              no-undef
   38:3   warning  'line' is not defined                 no-undef
   38:13  warning  'spring1' is not defined              no-undef
   38:35  warning  'spring1' is not defined              no-undef
   41:11  warning  'spring1' is not defined              no-undef
   41:25  warning  'spring1' is not defined              no-undef
   42:5   warning  'textFont' is not defined             no-undef
   43:5   warning  'textSize' is not defined             no-undef
   44:5   warning  'strokeWeight' is not defined         no-undef
   45:5   warning  'text' is not defined                 no-undef
   46:5   warning  'textSize' is not defined             no-undef
   47:5   warning  'text' is not defined                 no-undef
   48:5   warning  'text' is not defined                 no-undef
   49:5   warning  'strokeWeight' is not defined         no-undef
   50:5   warning  'stroke' is not defined               no-undef
   51:5   warning  'line' is not defined                 no-undef
   52:5   warning  'stroke' is not defined               no-undef
   53:5   warning  'line' is not defined                 no-undef
   53:23  warning  'spring1' is not defined              no-undef
   54:5   warning  'line' is not defined                 no-undef
   54:23  warning  'spring1' is not defined              no-undef
   55:5   warning  'stroke' is not defined               no-undef
   56:5   warning  'line' is not defined                 no-undef
   56:22  warning  'spring1' is not defined              no-undef
   57:5   warning  'line' is not defined                 no-undef
   57:15  warning  'spring1' is not defined              no-undef
   57:38  warning  'spring1' is not defined              no-undef
   62:7   warning  'textFont' is not defined             no-undef
   63:7   warning  'textSize' is not defined             no-undef
   64:7   warning  'strokeWeight' is not defined         no-undef
   65:7   warning  'text' is not defined                 no-undef
   66:7   warning  'textSize' is not defined             no-undef
   67:7   warning  'text' is not defined                 no-undef
   68:7   warning  'text' is not defined                 no-undef
   69:7   warning  'strokeWeight' is not defined         no-undef
   70:7   warning  'stroke' is not defined               no-undef
   71:7   warning  'line' is not defined                 no-undef
   72:7   warning  'stroke' is not defined               no-undef
   73:7   warning  'line' is not defined                 no-undef
   73:25  warning  'spring1' is not defined              no-undef
   74:7   warning  'stroke' is not defined               no-undef
   75:7   warning  'line' is not defined                 no-undef
   75:25  warning  'spring1' is not defined              no-undef
   76:7   warning  'stroke' is not defined               no-undef
   77:7   warning  'line' is not defined                 no-undef
   77:24  warning  'spring1' is not defined              no-undef
   78:7   warning  'line' is not defined                 no-undef
   78:17  warning  'spring1' is not defined              no-undef
   78:39  warning  'spring1' is not defined              no-undef
   82:7   warning  'strokeWeight' is not defined         no-undef
   83:7   warning  'stroke' is not defined               no-undef
   84:7   warning  'line' is not defined                 no-undef
   85:7   warning  'stroke' is not defined               no-undef
   86:7   warning  'line' is not defined                 no-undef
   86:25  warning  'spring1' is not defined              no-undef
   87:7   warning  'stroke' is not defined               no-undef
   88:7   warning  'line' is not defined                 no-undef
   88:25  warning  'spring1' is not defined              no-undef
   89:7   warning  'stroke' is not defined               no-undef
   90:7   warning  'line' is not defined                 no-undef
   90:24  warning  'spring1' is not defined              no-undef
   91:7   warning  'line' is not defined                 no-undef
   91:17  warning  'spring1' is not defined              no-undef
   91:40  warning  'spring1' is not defined              no-undef
   96:7   warning  'strokeWeight' is not defined         no-undef
   97:7   warning  'spring1' is not defined              no-undef
   97:26  warning  'l1' is not defined                   no-undef
   97:29  warning  'l2' is not defined                   no-undef
   97:32  warning  'a1' is not defined                   no-undef
   97:35  warning  'm1' is not defined                   no-undef
   97:38  warning  'a2' is not defined                   no-undef
   97:41  warning  'm2' is not defined                   no-undef
   98:7   warning  'spring1' is not defined              no-undef
   98:22  warning  't' is not defined                    no-undef
   98:25  warning  'factor' is not defined               no-undef
   99:7   warning  'l1' is not defined                   no-undef
   99:12  warning  '$' is not defined                    no-undef
  100:7   warning  'l2' is not defined                   no-undef
  100:12  warning  '$' is not defined                    no-undef
  101:7   warning  'a1' is not defined                   no-undef
  101:12  warning  '$' is not defined                    no-undef
  102:7   warning  'm1' is not defined                   no-undef
  102:12  warning  '$' is not defined                    no-undef
  103:7   warning  'a2' is not defined                   no-undef
  103:12  warning  '$' is not defined                    no-undef
  104:7   warning  'm2' is not defined                   no-undef
  104:12  warning  '$' is not defined                    no-undef

/home/runner/work/exp-compound-pendulum-nitk/exp-compound-pendulum-nitk/experiment/simulation/js/script1.js
    2:10  warning  'startsim' is defined but never used   no-unused-vars
    8:10  warning  'varinit' is defined but never used    no-unused-vars
   11:3   warning  '$' is not defined                     no-undef
   12:3   warning  '$' is not defined                     no-undef
   14:3   warning  '$' is not defined                     no-undef
   15:3   warning  '$' is not defined                     no-undef
   17:3   warning  '$' is not defined                     no-undef
   18:3   warning  '$' is not defined                     no-undef
   20:3   warning  '$' is not defined                     no-undef
   21:3   warning  '$' is not defined                     no-undef
   23:3   warning  '$' is not defined                     no-undef
   24:3   warning  '$' is not defined                     no-undef
   26:3   warning  '$' is not defined                     no-undef
   27:3   warning  '$' is not defined                     no-undef
   33:3   warning  '$' is not defined                     no-undef
   36:3   warning  '$' is not defined                     no-undef
   39:3   warning  '$' is not defined                     no-undef
   40:5   warning  '$' is not defined                     no-undef
   41:5   warning  'ptx' is not defined                   no-undef
   42:5   warning  'pty' is not defined                   no-undef
   44:3   warning  '$' is not defined                     no-undef
   45:5   warning  '$' is not defined                     no-undef
   46:5   warning  'ptx' is not defined                   no-undef
   47:5   warning  'pty' is not defined                   no-undef
   49:3   warning  '$' is not defined                     no-undef
   53:3   warning  '$' is not defined                     no-undef
   56:3   warning  '$' is not defined                     no-undef
   59:3   warning  '$' is not defined                     no-undef
   60:5   warning  '$' is not defined                     no-undef
   61:5   warning  'ptx' is not defined                   no-undef
   62:5   warning  'pty' is not defined                   no-undef
   64:3   warning  '$' is not defined                     no-undef
   65:5   warning  '$' is not defined                     no-undef
   66:5   warning  'ptx' is not defined                   no-undef
   67:5   warning  'pty' is not defined                   no-undef
   69:3   warning  '$' is not defined                     no-undef
   73:3   warning  '$' is not defined                     no-undef
   75:3   warning  '$' is not defined                     no-undef
   78:3   warning  '$' is not defined                     no-undef
   79:5   warning  '$' is not defined                     no-undef
   80:5   warning  'ptx' is not defined                   no-undef
   81:5   warning  'pty' is not defined                   no-undef
   83:3   warning  '$' is not defined                     no-undef
   84:5   warning  '$' is not defined                     no-undef
   85:5   warning  'ptx' is not defined                   no-undef
   86:5   warning  'pty' is not defined                   no-undef
   88:3   warning  '$' is not defined                     no-undef
   92:3   warning  '$' is not defined                     no-undef
   94:3   warning  '$' is not defined                     no-undef
   97:3   warning  '$' is not defined                     no-undef
   98:5   warning  '$' is not defined                     no-undef
   99:5   warning  'ptx' is not defined                   no-undef
  100:5   warning  'pty' is not defined                   no-undef
  102:3   warning  '$' is not defined                     no-undef
  103:5   warning  '$' is not defined                     no-undef
  104:5   warning  'ptx' is not defined                   no-undef
  105:5   warning  'pty' is not defined                   no-undef
  107:3   warning  '$' is not defined                     no-undef
  111:3   warning  '$' is not defined                     no-undef
  113:3   warning  '$' is not defined                     no-undef
  116:3   warning  '$' is not defined                     no-undef
  117:5   warning  '$' is not defined                     no-undef
  118:5   warning  'ptx' is not defined                   no-undef
  119:5   warning  'pty' is not defined                   no-undef
  121:3   warning  '$' is not defined                     no-undef
  122:5   warning  '$' is not defined                     no-undef
  123:5   warning  'ptx' is not defined                   no-undef
  124:5   warning  'pty' is not defined                   no-undef
  126:3   warning  '$' is not defined                     no-undef
  130:3   warning  '$' is not defined                     no-undef
  132:3   warning  '$' is not defined                     no-undef
  135:3   warning  '$' is not defined                     no-undef
  136:5   warning  '$' is not defined                     no-undef
  137:5   warning  'ptx' is not defined                   no-undef
  138:5   warning  'pty' is not defined                   no-undef
  140:3   warning  '$' is not defined                     no-undef
  141:5   warning  '$' is not defined                     no-undef
  142:5   warning  'ptx' is not defined                   no-undef
  143:5   warning  'pty' is not defined                   no-undef
  145:3   warning  '$' is not defined                     no-undef
  153:3   warning  '$' is not defined                     no-undef
  153:33  warning  '$' is not defined                     no-undef
  154:3   warning  '$' is not defined                     no-undef
  154:37  warning  '$' is not defined                     no-undef
  155:3   warning  '$' is not defined                     no-undef
  155:34  warning  '$' is not defined                     no-undef
  156:3   warning  '$' is not defined                     no-undef
  156:34  warning  '$' is not defined                     no-undef
  157:3   warning  '$' is not defined                     no-undef
  157:34  warning  '$' is not defined                     no-undef
  158:3   warning  '$' is not defined                     no-undef
  158:34  warning  '$' is not defined                     no-undef
  159:3   warning  'l1' is not defined                    no-undef
  159:8   warning  '$' is not defined                     no-undef
  160:3   warning  'l2' is not defined                    no-undef
  160:8   warning  '$' is not defined                     no-undef
  161:3   warning  'a1' is not defined                    no-undef
  161:8   warning  '$' is not defined                     no-undef
  162:3   warning  'm1' is not defined                    no-undef
  162:8   warning  '$' is not defined                     no-undef
  163:3   warning  'a2' is not defined                    no-undef
  163:8   warning  '$' is not defined                     no-undef
  164:3   warning  'm2' is not defined                    no-undef
  164:8   warning  '$' is not defined                     no-undef
  168:10  warning  'movetoTop' is defined but never used  no-unused-vars

/home/runner/work/exp-compound-pendulum-nitk/exp-compound-pendulum-nitk/experiment/simulation/js/sketch.js
    4:5   warning  'width' is assigned a value but never used        no-unused-vars
    5:5   warning  'height' is assigned a value but never used       no-unused-vars
    8:5   warning  't' is assigned a value but never used            no-unused-vars
    9:5   warning  'dt' is assigned a value but never used           no-unused-vars
   17:5   warning  'magFac' is defined but never used                no-unused-vars
   24:5   warning  'factor' is assigned a value but never used       no-unused-vars
   28:5   warning  'button1' is defined but never used               no-unused-vars
   29:5   warning  'button2' is defined but never used               no-unused-vars
   30:5   warning  'button3' is defined but never used               no-unused-vars
   31:5   warning  'button4' is defined but never used               no-unused-vars
   32:5   warning  'button5' is defined but never used               no-unused-vars
   33:5   warning  'spr' is assigned a value but never used          no-unused-vars
   43:5   warning  'touch' is assigned a value but never used        no-unused-vars
   46:5   warning  'clear' is defined but never used                 no-unused-vars
   49:10  warning  'preload' is defined but never used               no-unused-vars
   51:9   warning  'loadImage' is not defined                        no-undef
   52:3   warning  'dia' is not defined                              no-undef
   52:8   warning  'loadImage' is not defined                        no-undef
   53:3   warning  '$' is not defined                                no-undef
   57:3   warning  '$' is not defined                                no-undef
   64:10  warning  'setup' is defined but never used                 no-unused-vars
   65:3   warning  'l1' is not defined                               no-undef
   65:12  warning  'NumberInput' is not defined                      no-undef
   66:3   warning  'l2' is not defined                               no-undef
   66:11  warning  'NumberInput' is not defined                      no-undef
   67:5   warning  'a1' is not defined                               no-undef
   67:14  warning  'NumberInput' is not defined                      no-undef
   68:5   warning  'm1' is not defined                               no-undef
   68:14  warning  'NumberInput' is not defined                      no-undef
   69:5   warning  'a2' is not defined                               no-undef
   69:14  warning  'NumberInput' is not defined                      no-undef
   70:5   warning  'm2' is not defined                               no-undef
   70:14  warning  'NumberInput' is not defined                      no-undef
   71:19  warning  'System' is not defined                           no-undef
   71:44  warning  'a1' is not defined                               no-undef
   71:48  warning  'a2' is not defined                               no-undef
   73:22  warning  'createCanvas' is not defined                     no-undef
   76:17  warning  'System' is not defined                           no-undef
   76:42  warning  'a1' is not defined                               no-undef
   76:46  warning  'a2' is not defined                               no-undef
   78:3   warning  'position_graph1' is not defined                  no-undef
   78:25  warning  'Graph' is not defined                            no-undef
   79:5   warning  'position_graph2' is not defined                  no-undef
   79:27  warning  'Graph' is not defined                            no-undef
   80:19  warning  'DynamicGraph' is not defined                     no-undef
   80:79  warning  'System' is not defined                           no-undef
   81:19  warning  'DynamicGraph' is not defined                     no-undef
   81:79  warning  'System' is not defined                           no-undef
   83:5   warning  'varinit' is not defined                          no-undef
   84:5   warning  'l1' is not defined                               no-undef
   84:10  warning  '$' is not defined                                no-undef
   85:5   warning  'l2' is not defined                               no-undef
   85:10  warning  '$' is not defined                                no-undef
   86:5   warning  'a1' is not defined                               no-undef
   86:10  warning  '$' is not defined                                no-undef
   87:5   warning  'm1' is not defined                               no-undef
   87:10  warning  '$' is not defined                                no-undef
   88:5   warning  'a2' is not defined                               no-undef
   88:10  warning  '$' is not defined                                no-undef
   89:5   warning  'm2' is not defined                               no-undef
   89:10  warning  '$' is not defined                                no-undef
   90:19  warning  'System' is not defined                           no-undef
   90:44  warning  'a1' is not defined                               no-undef
   90:48  warning  'a2' is not defined                               no-undef
   92:17  warning  'DynamicGraph' is not defined                     no-undef
  102:5   warning  'System' is not defined                           no-undef
  104:17  warning  'DynamicGraph' is not defined                     no-undef
  115:5   warning  'System' is not defined                           no-undef
  121:10  warning  'draw' is defined but never used                  no-unused-vars
  123:5   warning  'runPage1' is not defined                         no-undef
  124:24  warning  Empty block statement                             no-empty
  134:23  warning  'System' is not defined                           no-undef
  134:48  warning  'a1' is not defined                               no-undef
  134:52  warning  'a2' is not defined                               no-undef
  139:5   warning  'runPage2' is not defined                         no-undef
  143:5   warning  'runPage3' is not defined                         no-undef
  146:10  warning  'simstate' is defined but never used              no-unused-vars
  154:1   warning  Mixed spaces and tabs                             no-mixed-spaces-and-tabs
  155:5   warning  'simstatus' is not defined                        no-undef
  157:5   warning  'pauseTime' is not defined                        no-undef
  159:5   warning  '$' is not defined                                no-undef
  163:9   warning  '$' is not defined                                no-undef
  172:2   warning  Mixed spaces and tabs                             no-mixed-spaces-and-tabs
  172:5   warning  'time' is not defined                             no-undef
  173:2   warning  Mixed spaces and tabs                             no-mixed-spaces-and-tabs
  173:19  warning  'pauseTime' is not defined                        no-undef
  176:5   warning  'simstatus' is not defined                        no-undef
  178:5   warning  '$' is not defined                                no-undef
  182:7   warning  '$' is not defined                                no-undef
  190:10  warning  'graphPlot' is defined but never used             no-unused-vars
  191:3   warning  'graphStep' is not defined                        no-undef
  200:3   warning  'runPage2' is not defined                         no-undef
  202:3   warning  '$' is not defined                                no-undef
  215:10  warning  'screenchangeMag' is defined but never used       no-unused-vars
  221:3   warning  'graphStep' is not defined                        no-undef
  228:10  warning  'screenChangePrevious' is defined but never used  no-unused-vars
  229:3   warning  'graphStep' is not defined                        no-undef
  230:7   warning  'graphStep' is not defined                        no-undef
  232:5   warning  '$' is not defined                                no-undef
  251:6   warning  '$' is not defined                                no-undef
  259:5   warning  'runPage1' is not defined                         no-undef
  275:3   warning  'runPage2' is not defined                         no-undef
  276:3   warning  '$' is not defined                                no-undef
  290:3   warning  'runPage3' is not defined                         no-undef
  291:3   warning  '$' is not defined                                no-undef
  299:10  warning  'mousePressed' is defined but never used          no-unused-vars

/home/runner/work/exp-compound-pendulum-nitk/exp-compound-pendulum-nitk/experiment/simulation/js/system.js
    1:7   warning  'System' is defined but never used         no-unused-vars
   45:11  warning  '_mulfact' is defined but never used       no-unused-vars
   84:7   warning  'dt' is not defined                        no-undef
   87:6   warning  '_stroke' is defined but never used        no-unused-vars
   87:15  warning  '_strockweight' is defined but never used  no-unused-vars
   87:30  warning  '_fill' is defined but never used          no-unused-vars
   88:3   warning  'push' is not defined                      no-undef
   91:3   warning  'translate' is not defined                 no-undef
   93:7   warning  'wid' is assigned a value but never used   no-unused-vars
   93:13  warning  'spr' is not defined                       no-undef
   94:7   warning  'hei' is assigned a value but never used   no-unused-vars
   94:13  warning  'spr' is not defined                       no-undef
   95:7   warning  'h' is assigned a value but never used     no-unused-vars
   96:3   warning  'strokeWeight' is not defined              no-undef
   97:3   warning  'stroke' is not defined                    no-undef
   98:3   warning  'line' is not defined                      no-undef
   99:3   warning  'line' is not defined                      no-undef
  100:3   warning  'fill' is not defined                      no-undef
  101:3   warning  'line' is not defined                      no-undef
  102:3   warning  'ellipse' is not defined                   no-undef
  103:3   warning  'fill' is not defined                      no-undef
  104:3   warning  'textSize' is not defined                  no-undef
  105:3   warning  'strokeWeight' is not defined              no-undef
  106:3   warning  'text' is not defined                      no-undef
  107:3   warning  'fill' is not defined                      no-undef
  108:3   warning  'strokeWeight' is not defined              no-undef
  109:3   warning  'ellipse' is not defined                   no-undef
  110:3   warning  'fill' is not defined                      no-undef
  111:3   warning  'textSize' is not defined                  no-undef
  112:3   warning  'strokeWeight' is not defined              no-undef
  113:3   warning  'text' is not defined                      no-undef
  115:3   warning  'pop' is not defined                       no-undef
  127:7   warning  'abs' is not defined                       no-undef
  128:14  warning  'abs' is not defined                       no-undef
  143:7   warning  'abs' is not defined                       no-undef
  144:14  warning  'abs' is not defined                       no-undef
  156:3   warning  Duplicate name 'mag_func1'                 no-dupe-class-members
  163:13  warning  'abs' is not defined                       no-undef
  164:20  warning  'abs' is not defined                       no-undef
  170:3   warning  Duplicate name 'mag_func2'                 no-dupe-class-members
  177:13  warning  'abs' is not defined                       no-undef
  178:20  warning  'abs' is not defined                       no-undef

 770 problems (0 errors, 770 warnings)
  0 errors and 2 warnings potentially fixable with the `--fix` option.

